<?xml version="1.0" encoding="UTF-8"?>
<coverage generated="1734048514862" clover="3.2.0">
  <project timestamp="1734048514862" name="All files">
    <metrics statements="58" coveredstatements="49" conditionals="31" coveredconditionals="27" methods="29" coveredmethods="24" elements="118" coveredelements="100" complexity="0" loc="58" ncloc="58" packages="9" files="10" classes="10"/>
    <package name="src">
      <metrics statements="3" coveredstatements="2" conditionals="0" coveredconditionals="0" methods="1" coveredmethods="1"/>
      <file name="App.jsx" path="/Users/f.moreno/code/personal/react/betchkr.dashboard/src/App.jsx">
        <metrics statements="2" coveredstatements="2" conditionals="0" coveredconditionals="0" methods="1" coveredmethods="1"/>
        <line num="4" count="2" type="stmt"/>
        <line num="5" count="3" type="stmt"/>
      </file>
      <file name="main.jsx" path="/Users/f.moreno/code/personal/react/betchkr.dashboard/src/main.jsx">
        <metrics statements="1" coveredstatements="0" conditionals="0" coveredconditionals="0" methods="0" coveredmethods="0"/>
        <line num="8" count="0" type="stmt"/>
      </file>
    </package>
    <package name="src.components.PerformanceChart">
      <metrics statements="3" coveredstatements="3" conditionals="0" coveredconditionals="0" methods="1" coveredmethods="1"/>
      <file name="PerformanceChart.jsx" path="/Users/f.moreno/code/personal/react/betchkr.dashboard/src/components/PerformanceChart/PerformanceChart.jsx">
        <metrics statements="3" coveredstatements="3" conditionals="0" coveredconditionals="0" methods="1" coveredmethods="1"/>
        <line num="4" count="3" type="stmt"/>
        <line num="13" count="3" type="stmt"/>
        <line num="14" count="9" type="stmt"/>
      </file>
    </package>
    <package name="src.components.Sidebar">
      <metrics statements="10" coveredstatements="10" conditionals="13" coveredconditionals="13" methods="6" coveredmethods="6"/>
      <file name="Sidebar.jsx" path="/Users/f.moreno/code/personal/react/betchkr.dashboard/src/components/Sidebar/Sidebar.jsx">
        <metrics statements="10" coveredstatements="10" conditionals="13" coveredconditionals="13" methods="6" coveredmethods="6"/>
        <line num="8" count="36" type="stmt"/>
        <line num="10" count="19" type="stmt"/>
        <line num="12" count="19" type="stmt"/>
        <line num="13" count="1" type="stmt"/>
        <line num="14" count="1" type="stmt"/>
        <line num="17" count="19" type="stmt"/>
        <line num="24" count="1" type="stmt"/>
        <line num="37" count="57" type="stmt"/>
        <line num="43" count="1" type="stmt"/>
        <line num="56" count="4" type="stmt"/>
      </file>
    </package>
    <package name="src.components.TipsterSearch">
      <metrics statements="14" coveredstatements="11" conditionals="2" coveredconditionals="2" methods="6" coveredmethods="4"/>
      <file name="TipsterSearch.jsx" path="/Users/f.moreno/code/personal/react/betchkr.dashboard/src/components/TipsterSearch/TipsterSearch.jsx">
        <metrics statements="14" coveredstatements="11" conditionals="2" coveredconditionals="2" methods="6" coveredmethods="4"/>
        <line num="5" count="3" type="stmt"/>
        <line num="8" count="9" type="stmt"/>
        <line num="9" count="9" type="stmt"/>
        <line num="11" count="9" type="stmt"/>
        <line num="12" count="0" type="stmt"/>
        <line num="13" count="0" type="stmt"/>
        <line num="16" count="9" type="stmt"/>
        <line num="17" count="1" type="stmt"/>
        <line num="18" count="1" type="stmt"/>
        <line num="21" count="9" type="stmt"/>
        <line num="30" count="0" type="stmt"/>
        <line num="43" count="45" type="stmt"/>
        <line num="45" count="1" type="stmt"/>
        <line num="60" count="3" type="stmt"/>
      </file>
    </package>
    <package name="src.pages.Home">
      <metrics statements="21" coveredstatements="16" conditionals="16" coveredconditionals="12" methods="11" coveredmethods="8"/>
      <file name="Home.jsx" path="/Users/f.moreno/code/personal/react/betchkr.dashboard/src/pages/Home/Home.jsx">
        <metrics statements="21" coveredstatements="16" conditionals="16" coveredconditionals="12" methods="11" coveredmethods="8"/>
        <line num="11" count="3" type="stmt"/>
        <line num="19" count="3" type="stmt"/>
        <line num="25" count="3" type="stmt"/>
        <line num="26" count="9" type="stmt"/>
        <line num="27" count="17" type="stmt"/>
        <line num="28" count="17" type="stmt"/>
        <line num="30" count="9" type="stmt"/>
        <line num="32" count="9" type="stmt"/>
        <line num="33" count="0" type="stmt"/>
        <line num="34" count="0" type="stmt"/>
        <line num="36" count="0" type="stmt"/>
        <line num="39" count="9" type="stmt"/>
        <line num="40" count="1" type="cond" truecount="1" falsecount="1"/>
        <line num="41" count="0" type="stmt"/>
        <line num="43" count="5" type="stmt"/>
        <line num="44" count="1" type="stmt"/>
        <line num="48" count="9" type="stmt"/>
        <line num="59" count="1" type="stmt"/>
        <line num="166" count="42" type="stmt"/>
        <line num="184" count="27" type="stmt"/>
        <line num="238" count="0" type="stmt"/>
      </file>
    </package>
    <package name="src.pages.Tipsters">
      <metrics statements="1" coveredstatements="1" conditionals="0" coveredconditionals="0" methods="1" coveredmethods="1"/>
      <file name="Tipsters.jsx" path="/Users/f.moreno/code/personal/react/betchkr.dashboard/src/pages/Tipsters/Tipsters.jsx">
        <metrics statements="1" coveredstatements="1" conditionals="0" coveredconditionals="0" methods="1" coveredmethods="1"/>
        <line num="3" count="1" type="stmt"/>
      </file>
    </package>
    <package name="src.store">
      <metrics statements="1" coveredstatements="1" conditionals="0" coveredconditionals="0" methods="0" coveredmethods="0"/>
      <file name="store.js" path="/Users/f.moreno/code/personal/react/betchkr.dashboard/src/store/store.js">
        <metrics statements="1" coveredstatements="1" conditionals="0" coveredconditionals="0" methods="0" coveredmethods="0"/>
        <line num="5" count="4" type="stmt"/>
      </file>
    </package>
    <package name="src.store.components">
      <metrics statements="4" coveredstatements="4" conditionals="0" coveredconditionals="0" methods="2" coveredmethods="2"/>
      <file name="sidebar.store.js" path="/Users/f.moreno/code/personal/react/betchkr.dashboard/src/store/components/sidebar.store.js">
        <metrics statements="4" coveredstatements="4" conditionals="0" coveredconditionals="0" methods="2" coveredmethods="2"/>
        <line num="3" count="5" type="stmt"/>
        <line num="11" count="1" type="stmt"/>
        <line num="14" count="4" type="stmt"/>
        <line num="20" count="5" type="stmt"/>
      </file>
    </package>
    <package name="src.utils">
      <metrics statements="1" coveredstatements="1" conditionals="0" coveredconditionals="0" methods="1" coveredmethods="1"/>
      <file name="utils.js" path="/Users/f.moreno/code/personal/react/betchkr.dashboard/src/utils/utils.js">
        <metrics statements="1" coveredstatements="1" conditionals="0" coveredconditionals="0" methods="1" coveredmethods="1"/>
        <line num="2" count="126" type="stmt"/>
      </file>
    </package>
  </project>
</coverage>
