{"/Users/f.moreno/code/personal/react/betchkr.dashboard/src/App.jsx": {"path":"/Users/f.moreno/code/personal/react/betchkr.dashboard/src/App.jsx","statementMap":{"0":{"start":{"line":4,"column":19},"end":{"line":16,"column":1}},"1":{"start":{"line":5,"column":2},"end":{"line":15,"column":3}}},"fnMap":{"0":{"name":"(anonymous_0)","decl":{"start":{"line":4,"column":19},"end":{"line":4,"column":20}},"loc":{"start":{"line":4,"column":25},"end":{"line":16,"column":1}},"line":4}},"branchMap":{},"s":{"0":0,"1":0},"f":{"0":0},"b":{}}
,"/Users/f.moreno/code/personal/react/betchkr.dashboard/src/main.jsx": {"path":"/Users/f.moreno/code/personal/react/betchkr.dashboard/src/main.jsx","statementMap":{"0":{"start":{"line":8,"column":0},"end":{"line":14,"column":1}}},"fnMap":{},"branchMap":{},"s":{"0":0},"f":{},"b":{}}
,"/Users/f.moreno/code/personal/react/betchkr.dashboard/src/components/PerformanceChart/PerformanceChart.jsx": {"path":"/Users/f.moreno/code/personal/react/betchkr.dashboard/src/components/PerformanceChart/PerformanceChart.jsx","statementMap":{"0":{"start":{"line":4,"column":13},"end":{"line":11,"column":1}},"1":{"start":{"line":13,"column":25},"end":{"line":52,"column":1}},"2":{"start":{"line":14,"column":2},"end":{"line":51,"column":4}}},"fnMap":{"0":{"name":"(anonymous_0)","decl":{"start":{"line":13,"column":25},"end":{"line":13,"column":26}},"loc":{"start":{"line":13,"column":31},"end":{"line":52,"column":1}},"line":13}},"branchMap":{},"s":{"0":0,"1":0,"2":0},"f":{"0":0},"b":{}}
,"/Users/f.moreno/code/personal/react/betchkr.dashboard/src/components/Sidebar/Sidebar.jsx": {"path":"/Users/f.moreno/code/personal/react/betchkr.dashboard/src/components/Sidebar/Sidebar.jsx","statementMap":{"0":{"start":{"line":8,"column":25},"end":{"line":8,"column":75}},"1":{"start":{"line":8,"column":46},"end":{"line":8,"column":74}},"2":{"start":{"line":10,"column":19},"end":{"line":10,"column":32}},"3":{"start":{"line":12,"column":30},"end":{"line":15,"column":3}},"4":{"start":{"line":13,"column":4},"end":{"line":13,"column":45}},"5":{"start":{"line":14,"column":4},"end":{"line":14,"column":44}},"6":{"start":{"line":17,"column":2},"end":{"line":53,"column":3}},"7":{"start":{"line":24,"column":25},"end":{"line":24,"column":64}},"8":{"start":{"line":37,"column":10},"end":{"line":49,"column":19}},"9":{"start":{"line":43,"column":27},"end":{"line":43,"column":56}},"10":{"start":{"line":56,"column":0},"end":{"line":58,"column":2}}},"fnMap":{"0":{"name":"Sidebar","decl":{"start":{"line":7,"column":16},"end":{"line":7,"column":23}},"loc":{"start":{"line":7,"column":46},"end":{"line":54,"column":1}},"line":7},"1":{"name":"(anonymous_1)","decl":{"start":{"line":8,"column":37},"end":{"line":8,"column":38}},"loc":{"start":{"line":8,"column":46},"end":{"line":8,"column":74}},"line":8},"2":{"name":"(anonymous_2)","decl":{"start":{"line":12,"column":30},"end":{"line":12,"column":31}},"loc":{"start":{"line":12,"column":44},"end":{"line":15,"column":3}},"line":12},"3":{"name":"(anonymous_3)","decl":{"start":{"line":24,"column":19},"end":{"line":24,"column":20}},"loc":{"start":{"line":24,"column":25},"end":{"line":24,"column":64}},"line":24},"4":{"name":"(anonymous_4)","decl":{"start":{"line":36,"column":53},"end":{"line":36,"column":54}},"loc":{"start":{"line":37,"column":10},"end":{"line":49,"column":19}},"line":37},"5":{"name":"(anonymous_5)","decl":{"start":{"line":43,"column":21},"end":{"line":43,"column":22}},"loc":{"start":{"line":43,"column":27},"end":{"line":43,"column":56}},"line":43}},"branchMap":{"0":{"loc":{"start":{"line":7,"column":26},"end":{"line":7,"column":42}},"type":"default-arg","locations":[{"start":{"line":7,"column":37},"end":{"line":7,"column":42}}],"line":7},"1":{"loc":{"start":{"line":20,"column":6},"end":{"line":20,"column":63}},"type":"cond-expr","locations":[{"start":{"line":20,"column":17},"end":{"line":20,"column":25}},{"start":{"line":20,"column":28},"end":{"line":20,"column":63}}],"line":20},"2":{"loc":{"start":{"line":22,"column":7},"end":{"line":30,"column":7}},"type":"binary-expr","locations":[{"start":{"line":22,"column":7},"end":{"line":22,"column":15}},{"start":{"line":23,"column":8},"end":{"line":29,"column":17}}],"line":22},"3":{"loc":{"start":{"line":41,"column":14},"end":{"line":41,"column":121}},"type":"cond-expr","locations":[{"start":{"line":41,"column":44},"end":{"line":41,"column":68}},{"start":{"line":41,"column":71},"end":{"line":41,"column":121}}],"line":41},"4":{"loc":{"start":{"line":45,"column":13},"end":{"line":45,"column":61}},"type":"binary-expr","locations":[{"start":{"line":45,"column":13},"end":{"line":45,"column":37}},{"start":{"line":45,"column":41},"end":{"line":45,"column":61}}],"line":45},"5":{"loc":{"start":{"line":46,"column":13},"end":{"line":46,"column":59}},"type":"binary-expr","locations":[{"start":{"line":46,"column":13},"end":{"line":46,"column":36}},{"start":{"line":46,"column":40},"end":{"line":46,"column":59}}],"line":46},"6":{"loc":{"start":{"line":47,"column":13},"end":{"line":47,"column":65}},"type":"binary-expr","locations":[{"start":{"line":47,"column":13},"end":{"line":47,"column":38}},{"start":{"line":47,"column":42},"end":{"line":47,"column":65}}],"line":47}},"s":{"0":0,"1":0,"2":0,"3":0,"4":0,"5":0,"6":0,"7":0,"8":0,"9":0,"10":0},"f":{"0":0,"1":0,"2":0,"3":0,"4":0,"5":0},"b":{"0":[0],"1":[0,0],"2":[0,0],"3":[0,0],"4":[0,0],"5":[0,0],"6":[0,0]}}
,"/Users/f.moreno/code/personal/react/betchkr.dashboard/src/components/TipsterSearch/TipsterSearch.jsx": {"path":"/Users/f.moreno/code/personal/react/betchkr.dashboard/src/components/TipsterSearch/TipsterSearch.jsx","statementMap":{"0":{"start":{"line":5,"column":19},"end":{"line":5,"column":78}},"1":{"start":{"line":8,"column":40},"end":{"line":8,"column":52}},"2":{"start":{"line":9,"column":46},"end":{"line":9,"column":61}},"3":{"start":{"line":11,"column":23},"end":{"line":14,"column":3}},"4":{"start":{"line":12,"column":4},"end":{"line":12,"column":22}},"5":{"start":{"line":13,"column":4},"end":{"line":13,"column":25}},"6":{"start":{"line":16,"column":30},"end":{"line":19,"column":3}},"7":{"start":{"line":17,"column":4},"end":{"line":17,"column":31}},"8":{"start":{"line":18,"column":4},"end":{"line":18,"column":30}},"9":{"start":{"line":21,"column":2},"end":{"line":57,"column":3}},"10":{"start":{"line":30,"column":29},"end":{"line":30,"column":59}},"11":{"start":{"line":43,"column":10},"end":{"line":53,"column":19}},"12":{"start":{"line":45,"column":27},"end":{"line":45,"column":56}},"13":{"start":{"line":60,"column":0},"end":{"line":63,"column":2}}},"fnMap":{"0":{"name":"TipsterSearch","decl":{"start":{"line":7,"column":16},"end":{"line":7,"column":29}},"loc":{"start":{"line":7,"column":62},"end":{"line":58,"column":1}},"line":7},"1":{"name":"(anonymous_1)","decl":{"start":{"line":11,"column":23},"end":{"line":11,"column":24}},"loc":{"start":{"line":11,"column":30},"end":{"line":14,"column":3}},"line":11},"2":{"name":"(anonymous_2)","decl":{"start":{"line":16,"column":30},"end":{"line":16,"column":31}},"loc":{"start":{"line":16,"column":44},"end":{"line":19,"column":3}},"line":16},"3":{"name":"(anonymous_3)","decl":{"start":{"line":30,"column":22},"end":{"line":30,"column":23}},"loc":{"start":{"line":30,"column":29},"end":{"line":30,"column":59}},"line":30},"4":{"name":"(anonymous_4)","decl":{"start":{"line":42,"column":24},"end":{"line":42,"column":25}},"loc":{"start":{"line":43,"column":10},"end":{"line":53,"column":19}},"line":43},"5":{"name":"(anonymous_5)","decl":{"start":{"line":45,"column":21},"end":{"line":45,"column":22}},"loc":{"start":{"line":45,"column":27},"end":{"line":45,"column":56}},"line":45}},"branchMap":{"0":{"loc":{"start":{"line":47,"column":14},"end":{"line":49,"column":79}},"type":"cond-expr","locations":[{"start":{"line":48,"column":18},"end":{"line":48,"column":42}},{"start":{"line":49,"column":18},"end":{"line":49,"column":79}}],"line":47}},"s":{"0":0,"1":0,"2":0,"3":0,"4":0,"5":0,"6":0,"7":0,"8":0,"9":0,"10":0,"11":0,"12":0,"13":0},"f":{"0":0,"1":0,"2":0,"3":0,"4":0,"5":0},"b":{"0":[0,0]}}
,"/Users/f.moreno/code/personal/react/betchkr.dashboard/src/pages/Home/Home.jsx": {"path":"/Users/f.moreno/code/personal/react/betchkr.dashboard/src/pages/Home/Home.jsx","statementMap":{"0":{"start":{"line":11,"column":20},"end":{"line":17,"column":1}},"1":{"start":{"line":19,"column":26},"end":{"line":23,"column":1}},"2":{"start":{"line":25,"column":24},"end":{"line":288,"column":1}},"3":{"start":{"line":26,"column":34},"end":{"line":26,"column":55}},"4":{"start":{"line":27,"column":25},"end":{"line":27,"column":75}},"5":{"start":{"line":27,"column":46},"end":{"line":27,"column":74}},"6":{"start":{"line":28,"column":27},"end":{"line":28,"column":79}},"7":{"start":{"line":28,"column":48},"end":{"line":28,"column":78}},"8":{"start":{"line":30,"column":19},"end":{"line":30,"column":32}},"9":{"start":{"line":32,"column":23},"end":{"line":37,"column":3}},"10":{"start":{"line":33,"column":21},"end":{"line":35,"column":5}},"11":{"start":{"line":34,"column":6},"end":{"line":34,"column":62}},"12":{"start":{"line":36,"column":4},"end":{"line":36,"column":25}},"13":{"start":{"line":39,"column":31},"end":{"line":46,"column":3}},"14":{"start":{"line":40,"column":4},"end":{"line":45,"column":5}},"15":{"start":{"line":41,"column":6},"end":{"line":41,"column":30}},"16":{"start":{"line":43,"column":23},"end":{"line":43,"column":83}},"17":{"start":{"line":43,"column":53},"end":{"line":43,"column":82}},"18":{"start":{"line":44,"column":6},"end":{"line":44,"column":27}},"19":{"start":{"line":48,"column":2},"end":{"line":281,"column":3}},"20":{"start":{"line":59,"column":29},"end":{"line":59,"column":67}},"21":{"start":{"line":166,"column":30},"end":{"line":171,"column":35}},"22":{"start":{"line":184,"column":24},"end":{"line":205,"column":30}},"23":{"start":{"line":238,"column":26},"end":{"line":243,"column":31}}},"fnMap":{"0":{"name":"(anonymous_0)","decl":{"start":{"line":25,"column":24},"end":{"line":25,"column":25}},"loc":{"start":{"line":25,"column":30},"end":{"line":288,"column":1}},"line":25},"1":{"name":"(anonymous_1)","decl":{"start":{"line":27,"column":37},"end":{"line":27,"column":38}},"loc":{"start":{"line":27,"column":46},"end":{"line":27,"column":74}},"line":27},"2":{"name":"(anonymous_2)","decl":{"start":{"line":28,"column":39},"end":{"line":28,"column":40}},"loc":{"start":{"line":28,"column":48},"end":{"line":28,"column":78}},"line":28},"3":{"name":"(anonymous_3)","decl":{"start":{"line":32,"column":23},"end":{"line":32,"column":24}},"loc":{"start":{"line":32,"column":34},"end":{"line":37,"column":3}},"line":32},"4":{"name":"(anonymous_4)","decl":{"start":{"line":33,"column":40},"end":{"line":33,"column":41}},"loc":{"start":{"line":34,"column":6},"end":{"line":34,"column":62}},"line":34},"5":{"name":"(anonymous_5)","decl":{"start":{"line":39,"column":31},"end":{"line":39,"column":32}},"loc":{"start":{"line":39,"column":45},"end":{"line":46,"column":3}},"line":39},"6":{"name":"(anonymous_6)","decl":{"start":{"line":43,"column":42},"end":{"line":43,"column":43}},"loc":{"start":{"line":43,"column":53},"end":{"line":43,"column":82}},"line":43},"7":{"name":"(anonymous_7)","decl":{"start":{"line":59,"column":23},"end":{"line":59,"column":24}},"loc":{"start":{"line":59,"column":29},"end":{"line":59,"column":67}},"line":59},"8":{"name":"(anonymous_8)","decl":{"start":{"line":165,"column":42},"end":{"line":165,"column":43}},"loc":{"start":{"line":166,"column":30},"end":{"line":171,"column":35}},"line":166},"9":{"name":"(anonymous_9)","decl":{"start":{"line":183,"column":45},"end":{"line":183,"column":46}},"loc":{"start":{"line":184,"column":24},"end":{"line":205,"column":30}},"line":184},"10":{"name":"(anonymous_10)","decl":{"start":{"line":237,"column":38},"end":{"line":237,"column":39}},"loc":{"start":{"line":238,"column":26},"end":{"line":243,"column":31}},"line":238}},"branchMap":{"0":{"loc":{"start":{"line":40,"column":4},"end":{"line":45,"column":5}},"type":"if","locations":[{"start":{"line":40,"column":4},"end":{"line":45,"column":5}},{"start":{"line":42,"column":11},"end":{"line":45,"column":5}}],"line":40},"1":{"loc":{"start":{"line":70,"column":11},"end":{"line":76,"column":11}},"type":"binary-expr","locations":[{"start":{"line":70,"column":11},"end":{"line":70,"column":27}},{"start":{"line":71,"column":12},"end":{"line":75,"column":18}}],"line":70},"2":{"loc":{"start":{"line":79,"column":13},"end":{"line":219,"column":13}},"type":"binary-expr","locations":[{"start":{"line":79,"column":13},"end":{"line":79,"column":43}},{"start":{"line":80,"column":14},"end":{"line":218,"column":17}}],"line":79},"3":{"loc":{"start":{"line":187,"column":28},"end":{"line":187,"column":95}},"type":"cond-expr","locations":[{"start":{"line":187,"column":58},"end":{"line":187,"column":77}},{"start":{"line":187,"column":80},"end":{"line":187,"column":95}}],"line":187},"4":{"loc":{"start":{"line":189,"column":29},"end":{"line":196,"column":29}},"type":"cond-expr","locations":[{"start":{"line":190,"column":30},"end":{"line":193,"column":35}},{"start":{"line":195,"column":30},"end":{"line":195,"column":78}}],"line":189},"5":{"loc":{"start":{"line":192,"column":32},"end":{"line":192,"column":97}},"type":"cond-expr","locations":[{"start":{"line":192,"column":62},"end":{"line":192,"column":80}},{"start":{"line":192,"column":83},"end":{"line":192,"column":97}}],"line":192},"6":{"loc":{"start":{"line":221,"column":13},"end":{"line":250,"column":13}},"type":"binary-expr","locations":[{"start":{"line":221,"column":13},"end":{"line":221,"column":42}},{"start":{"line":222,"column":14},"end":{"line":249,"column":20}}],"line":221},"7":{"loc":{"start":{"line":252,"column":13},"end":{"line":276,"column":13}},"type":"binary-expr","locations":[{"start":{"line":252,"column":13},"end":{"line":252,"column":44}},{"start":{"line":253,"column":14},"end":{"line":275,"column":20}}],"line":252}},"s":{"0":0,"1":0,"2":0,"3":0,"4":0,"5":0,"6":0,"7":0,"8":0,"9":0,"10":0,"11":0,"12":0,"13":0,"14":0,"15":0,"16":0,"17":0,"18":0,"19":0,"20":0,"21":0,"22":0,"23":0},"f":{"0":0,"1":0,"2":0,"3":0,"4":0,"5":0,"6":0,"7":0,"8":0,"9":0,"10":0},"b":{"0":[0,0],"1":[0,0],"2":[0,0],"3":[0,0],"4":[0,0],"5":[0,0],"6":[0,0],"7":[0,0]}}
,"/Users/f.moreno/code/personal/react/betchkr.dashboard/src/pages/Tipsters/Tipsters.jsx": {"path":"/Users/f.moreno/code/personal/react/betchkr.dashboard/src/pages/Tipsters/Tipsters.jsx","statementMap":{"0":{"start":{"line":3,"column":2},"end":{"line":3,"column":32}}},"fnMap":{"0":{"name":"TipstersPage","decl":{"start":{"line":2,"column":9},"end":{"line":2,"column":21}},"loc":{"start":{"line":2,"column":24},"end":{"line":4,"column":1}},"line":2}},"branchMap":{},"s":{"0":0},"f":{"0":0},"b":{}}
,"/Users/f.moreno/code/personal/react/betchkr.dashboard/src/store/store.js": {"path":"/Users/f.moreno/code/personal/react/betchkr.dashboard/src/store/store.js","statementMap":{"0":{"start":{"line":5,"column":14},"end":{"line":9,"column":2}}},"fnMap":{},"branchMap":{},"s":{"0":1},"f":{},"b":{},"_coverageSchema":"1a1c01bbd47fc00a2c39e90264f33305004495a9","hash":"1db7f1fbc7d9fd998adcc6dfa4a1676521ec3eba"}
,"/Users/f.moreno/code/personal/react/betchkr.dashboard/src/store/components/sidebar.store.js": {"path":"/Users/f.moreno/code/personal/react/betchkr.dashboard/src/store/components/sidebar.store.js","statementMap":{"0":{"start":{"line":3,"column":21},"end":{"line":17,"column":2}},"1":{"start":{"line":11,"column":6},"end":{"line":11,"column":44}},"2":{"start":{"line":14,"column":6},"end":{"line":14,"column":46}},"3":{"start":{"line":20,"column":64},"end":{"line":20,"column":84}}},"fnMap":{"0":{"name":"(anonymous_0)","decl":{"start":{"line":10,"column":26},"end":{"line":10,"column":27}},"loc":{"start":{"line":10,"column":45},"end":{"line":12,"column":5}},"line":10},"1":{"name":"(anonymous_1)","decl":{"start":{"line":13,"column":28},"end":{"line":13,"column":29}},"loc":{"start":{"line":13,"column":47},"end":{"line":15,"column":5}},"line":13}},"branchMap":{},"s":{"0":1,"1":1,"2":3,"3":1},"f":{"0":1,"1":3},"b":{},"_coverageSchema":"1a1c01bbd47fc00a2c39e90264f33305004495a9","hash":"765c5cf354573a5446b20c836e96857cea8299f7"}
,"/Users/f.moreno/code/personal/react/betchkr.dashboard/src/utils/utils.js": {"path":"/Users/f.moreno/code/personal/react/betchkr.dashboard/src/utils/utils.js","statementMap":{"0":{"start":{"line":2,"column":2},"end":{"line":2,"column":43}}},"fnMap":{"0":{"name":"cn","decl":{"start":{"line":1,"column":16},"end":{"line":1,"column":18}},"loc":{"start":{"line":1,"column":31},"end":{"line":3,"column":1}},"line":1}},"branchMap":{},"s":{"0":0},"f":{"0":0},"b":{}}
}
